2025-01-15 13:58:29.744+0000: starting up libvirt version: 10.10.0, qemu version: 9.2.0, kernel: 6.12.7-arch1-1, hostname: archlinux
LC_ALL=C \
PATH=/usr/local/sbin:/usr/local/bin:/usr/bin \
USER=root \
HOME=/var/lib/libvirt/qemu/domain-1-spinrite \
XDG_DATA_HOME=/var/lib/libvirt/qemu/domain-1-spinrite/.local/share \
XDG_CACHE_HOME=/var/lib/libvirt/qemu/domain-1-spinrite/.cache \
XDG_CONFIG_HOME=/var/lib/libvirt/qemu/domain-1-spinrite/.config \
/usr/bin/qemu-system-x86_64 \
-name guest=spinrite,debug-threads=on \
-S \
-object '{"qom-type":"secret","id":"masterKey0","format":"raw","file":"/var/lib/libvirt/qemu/domain-1-spinrite/master-key.aes"}' \
-machine pc-i440fx-9.2,usb=off,vmport=off,dump-guest-core=off,memory-backend=pc.ram,hpet=off,acpi=on \
-accel tcg \
-cpu qemu64 \
-m size=409600k \
-object '{"qom-type":"memory-backend-ram","id":"pc.ram","size":419430400}' \
-overcommit mem-lock=off \
-smp 1,sockets=1,cores=1,threads=1 \
-uuid a5ac2d37-b1a8-44d8-aaab-34c4501aca6b \
-no-user-config \
-nodefaults \
-chardev socket,id=charmonitor,fd=30,server=on,wait=off \
-mon chardev=charmonitor,id=monitor,mode=control \
-rtc base=utc,driftfix=slew \
-global kvm-pit.lost_tick_policy=delay \
-no-shutdown \
-global PIIX4_PM.disable_s3=1 \
-global PIIX4_PM.disable_s4=1 \
-boot strict=on \
-device '{"driver":"ich9-usb-ehci1","id":"usb","bus":"pci.0","addr":"0x5.0x7"}' \
-device '{"driver":"ich9-usb-uhci1","masterbus":"usb.0","firstport":0,"bus":"pci.0","multifunction":true,"addr":"0x5"}' \
-device '{"driver":"ich9-usb-uhci2","masterbus":"usb.0","firstport":2,"bus":"pci.0","addr":"0x5.0x1"}' \
-device '{"driver":"ich9-usb-uhci3","masterbus":"usb.0","firstport":4,"bus":"pci.0","addr":"0x5.0x2"}' \
-device '{"driver":"ahci","id":"sata0","bus":"pci.0","addr":"0x8"}' \
-device '{"driver":"virtio-serial-pci","id":"virtio-serial0","bus":"pci.0","addr":"0x6"}' \
-blockdev '{"driver":"file","filename":"/var/lib/libvirt/images/spinrite.img","node-name":"libvirt-2-storage","read-only":false}' \
-device '{"driver":"ide-hd","bus":"ide.0","unit":0,"drive":"libvirt-2-storage","id":"ide0-0-0","bootindex":1}' \
-blockdev '{"driver":"host_device","filename":"/dev/nvme0n1","aio":"native","node-name":"libvirt-1-storage","read-only":false,"discard":"unmap","cache":{"direct":true,"no-flush":false}}' \
-device '{"driver":"ide-hd","bus":"sata0.0","drive":"libvirt-1-storage","id":"sata0-0-0","write-cache":"on"}' \
-netdev '{"type":"tap","fd":"32","id":"hostnet0"}' \
-device '{"driver":"e1000","netdev":"hostnet0","id":"net0","mac":"52:54:00:e0:29:62","bus":"pci.0","addr":"0x3"}' \
-chardev pty,id=charserial0 \
-device '{"driver":"isa-serial","chardev":"charserial0","id":"serial0","index":0}' \
-chardev spicevmc,id=charchannel0,name=vdagent \
-device '{"driver":"virtserialport","bus":"virtio-serial0.0","nr":1,"chardev":"charchannel0","id":"channel0","name":"com.redhat.spice.0"}' \
-device '{"driver":"usb-tablet","id":"input0","bus":"usb.0","port":"1"}' \
-audiodev '{"id":"audio1","driver":"spice"}' \
-spice port=5900,addr=127.0.0.1,disable-ticketing=on,image-compression=off,seamless-migration=on \
-device '{"driver":"qxl-vga","id":"video0","max_outputs":1,"ram_size":67108864,"vram_size":67108864,"vram64_size_mb":0,"vgamem_mb":16,"bus":"pci.0","addr":"0x2"}' \
-device '{"driver":"intel-hda","id":"sound0","bus":"pci.0","addr":"0x4"}' \
-device '{"driver":"hda-duplex","id":"sound0-codec0","bus":"sound0.0","cad":0,"audiodev":"audio1"}' \
-chardev spicevmc,id=charredir0,name=usbredir \
-device '{"driver":"usb-redir","chardev":"charredir0","id":"redir0","bus":"usb.0","port":"2"}' \
-chardev spicevmc,id=charredir1,name=usbredir \
-device '{"driver":"usb-redir","chardev":"charredir1","id":"redir1","bus":"usb.0","port":"3"}' \
-device '{"driver":"virtio-balloon-pci","id":"balloon0","bus":"pci.0","addr":"0x7"}' \
-sandbox on,obsolete=deny,elevateprivileges=deny,spawn=deny,resourcecontrol=deny \
-msg timestamp=on
char device redirected to /dev/pts/3 (label charserial0)

